<?xml version="1.0" encoding="utf-8"?><testsuites name="pytest tests"><testsuite name="pytest" errors="0" failures="0" skipped="0" tests="24" time="3.469" timestamp="2026-08-15T18:12:09.493067+00:00" hostname="agent-env-d2e3ea78-4b46-4d24-939f-57684e8287dd"><testcase classname="tests.backend_test.TestAdmin" name="test_pending_authorities_lists" time="0.671" /><testcase classname="tests.backend_test.TestSubmitAndDecide" name="test_submit_pdf" time="0.649" /><testcase classname="tests.backend_test.TestSubmitAndDecide" name="test_duplicate_submit_returns_409" time="0.058" /><testcase classname="tests.backend_test.TestAdmin" name="test_approve_authority" time="0.063" /><testcase classname="tests.backend_test.TestSubmitAndDecide" name="test_submit_non_pdf_returns_422" time="0.095" /><testcase classname="tests.backend_test.TestAdmin" name="test_audit_chain" time="0.069" /><testcase classname="tests.backend_test.TestAdmin" name="test_non_admin_cannot_access_admin" time="0.331" /><testcase classname="tests.backend_test.TestSubmitAndDecide" name="test_owner_documents_list" time="0.055" /><testcase classname="tests.backend_test.TestSubmitAndDecide" name="test_authority_queue_shows_doc" time="0.272" /><testcase classname="tests.backend_test.TestSubmitAndDecide" name="test_authority_blob_returns_pdf" time="0.047" /><testcase classname="tests.backend_test.TestOwnerAuth" name="test_otp_request_invalid_email" time="0.202" /><testcase classname="tests.backend_test.TestSubmitAndDecide" name="test_reject_without_reason_fails" time="0.000" /><testcase classname="tests.backend_test.TestSubmitAndDecide" name="test_authority_approve" time="0.059" /><testcase classname="tests.backend_test.TestSubmitAndDecide" name="test_double_decide_returns_409" time="0.051" /><testcase classname="tests.backend_test.TestSubmitAndDecide" name="test_blob_after_decide_returns_410" time="0.097" /><testcase classname="tests.backend_test.TestOwnerAuth" name="test_otp_request_and_verify_owner" time="0.295" /><testcase classname="tests.backend_test.TestAdminAuth" name="test_admin_login_success" time="0.157" /><testcase classname="tests.backend_test.TestAdminAuth" name="test_admin_login_bad_password" time="0.190" /><testcase classname="tests.backend_test.TestOwnerAuth" name="test_otp_wrong_code" time="0.314" /><testcase classname="tests.backend_test.TestAdminAuth" name="test_me_unauthenticated" time="0.120" /><testcase classname="tests.backend_test.TestInstitutions" name="test_active_institutions_public" time="0.160" /><testcase classname="tests.backend_test.TestGuards" name="test_owner_cannot_access_authority_queue" time="0.334" /><testcase classname="tests.backend_test.TestRejectFlow" name="test_reject_requires_reason" time="0.843" /><testcase classname="tests.backend_test.TestGuards" name="test_logout_clears_session" time="0.373" /></testsuite></testsuites>